#
# There is insufficient memory for the Java Runtime Environment to continue.
# Native memory allocation (mmap) failed to map 266338304 bytes for G1 virtual space
# Possible reasons:
#   The system is out of physical RAM or swap space
#   The process is running with CompressedOops enabled, and the Java Heap may be blocking the growth of the native heap
# Possible solutions:
#   Reduce memory load on the system
#   Increase physical memory or swap space
#   Check if swap backing store is full
#   Decrease Java heap size (-Xmx/-Xms)
#   Decrease number of Java threads
#   Decrease Java thread stack sizes (-Xss)
#   Set larger code cache with -XX:ReservedCodeCacheSize=
#   JVM is running with Zero Based Compressed Oops mode in which the Java heap is
#     placed in the first 32GB address space. The Java Heap base address is the
#     maximum limit for the native heap growth. Please use -XX:HeapBaseMinAddress
#     to set the Java Heap base and to place the Java Heap above 32GB virtual address.
# This output file may be truncated or incomplete.
#
#  Out of Memory Error (os_windows.cpp:3613), pid=37520, tid=37592
#
# JRE version:  (17.0.10+7) (build )
# Java VM: OpenJDK 64-Bit Server VM (17.0.10+7-LTS, mixed mode, sharing, tiered, compressed oops, compressed class ptrs, g1 gc, windows-amd64)
# No core dump will be written. Minidumps are not enabled by default on client versions of Windows
#

---------------  S U M M A R Y ------------

Command Line: -Dfile.encoding=UTF-8 -Dstdout.encoding=UTF-8 -Dstderr.encoding=UTF-8 --module-path=D:\workspace\java\tenco_swing\bin -XX:+ShowCodeDetailsInExceptionMessages -Djdk.module.main=tenco_swing tenco_swing/ch02.PaintFrameTest

Host: 12th Gen Intel(R) Core(TM) i7-12700F, 20 cores, 15G,  Windows 11 , 64 bit Build 22621 (10.0.22621.3374)
Time: Fri Apr 26 16:49:37 2024  Windows 11 , 64 bit Build 22621 (10.0.22621.3374) elapsed time: 0.008646 seconds (0d 0h 0m 0s)

---------------  T H R E A D  ---------------

Current thread (0x000001f719073520):  JavaThread "Unknown thread" [_thread_in_vm, id=37592, stack(0x00000063d7200000,0x00000063d7300000)]

Stack: [0x00000063d7200000,0x00000063d7300000]
Native frames: (J=compiled Java code, j=interpreted, Vv=VM code, C=native code)
V  [jvm.dll+0x67d2c9]
V  [jvm.dll+0x834b1a]
V  [jvm.dll+0x8365de]
V  [jvm.dll+0x836c43]
V  [jvm.dll+0x2477ff]
V  [jvm.dll+0x67a109]
V  [jvm.dll+0x66eb7a]
V  [jvm.dll+0x30764b]
V  [jvm.dll+0x30eaf6]
V  [jvm.dll+0x35e83e]
V  [jvm.dll+0x35ea6f]
V  [jvm.dll+0x2de248]
V  [jvm.dll+0x2df1b4]
V  [jvm.dll+0x806381]
V  [jvm.dll+0x36c6f1]
V  [jvm.dll+0x7e4e26]
V  [jvm.dll+0x3eff3f]
V  [jvm.dll+0x3f1b71]
C  [jli.dll+0x528f]
C  [ucrtbase.dll+0x29333]
C  [KERNEL32.DLL+0x1257d]
C  [ntdll.dll+0x5aa48]


---------------  P R O C E S S  ---------------

Threads class SMR info:
_java_thread_list=0x00007ff8298dee98, length=0, elements={
}

Java Threads: ( => current thread )

Other Threads:
  0x000001f7190e0500 GCTaskThread "GC Thread#0" [stack: 0x00000063d7300000,0x00000063d7400000] [id=37596]
  0x000001f7190f1730 ConcurrentGCThread "G1 Main Marker" [stack: 0x00000063d7400000,0x00000063d7500000] [id=37600]
  0x000001f7190f28f0 ConcurrentGCThread "G1 Conc#0" [stack: 0x00000063d7500000,0x00000063d7600000] [id=37604]

[error occurred during error reporting (printing all threads), id 0xc0000005, EXCEPTION_ACCESS_VIOLATION (0xc0000005) at pc=0x00007ff82909ec87]

VM state: not at safepoint (not fully initialized)

VM Mutex/Monitor currently owned by a thread:  ([mutex/lock_event])
[0x000001f71906ebd0] Heap_lock - owner thread: 0x000001f719073520

Heap address: 0x0000000702400000, size: 4060 MB, Compressed Oops mode: Zero based, Oop shift amount: 3

CDS archive(s) mapped at: [0x0000000000000000-0x0000000000000000-0x0000000000000000), size 0, SharedBaseAddress: 0x0000000800000000, ArchiveRelocationMode: 1.
Narrow klass base: 0x0000000000000000, Narrow klass shift: 0, Narrow klass range: 0x0

GC Precious Log:
<Empty>

Heap:
 garbage-first heap   total 0K, used 0K [0x0000000702400000, 0x0000000800000000)
  region size 2048K, 0 young (0K), 0 survivors (0K)

[error occurred during error reporting (printing heap information), id 0xc0000005, EXCEPTION_ACCESS_VIOLATION (0xc0000005) at pc=0x00007ff829486fb9]

GC Heap History (0 events):
No events

Dll operation events (1 events):
Event: 0.006 Loaded shared library C:\Program Files\Amazon Corretto\jdk17.0.10_7\bin\java.dll

Deoptimization events (0 events):
No events

Classes unloaded (0 events):
No events

Classes redefined (0 events):
No events

Internal exceptions (0 events):
No events

VM Operations (0 events):
No events

Events (0 events):
No events


Dynamic libraries:
0x00007ff60dfb0000 - 0x00007ff60dfbe000 	C:\Program Files\Amazon Corretto\jdk17.0.10_7\bin\javaw.exe
0x00007ff89e9f0000 - 0x00007ff89ec06000 	C:\WINDOWS\SYSTEM32\ntdll.dll
0x00007ff89cb50000 - 0x00007ff89cc14000 	C:\WINDOWS\System32\KERNEL32.DLL
0x00007ff89c000000 - 0x00007ff89c3a7000 	C:\WINDOWS\System32\KERNELBASE.dll
0x00000000628c0000 - 0x0000000062bf2000 	C:\Program Files\Norton Security\NortonData\22.23.6.5\Definitions\IPSDefs\20240425.064\IPSEng64.dll
0x00007ff89e880000 - 0x00007ff89e932000 	C:\WINDOWS\System32\ADVAPI32.dll
0x00007ff89e7d0000 - 0x00007ff89e877000 	C:\WINDOWS\System32\msvcrt.dll
0x00007ff89e580000 - 0x00007ff89e628000 	C:\WINDOWS\System32\sechost.dll
0x00007ff89c590000 - 0x00007ff89c5b8000 	C:\WINDOWS\System32\bcrypt.dll
0x00007ff89c720000 - 0x00007ff89c835000 	C:\WINDOWS\System32\RPCRT4.dll
0x00007ff89e4e0000 - 0x00007ff89e4e8000 	C:\WINDOWS\System32\PSAPI.DLL
0x00007ff89bee0000 - 0x00007ff89bff1000 	C:\WINDOWS\System32\ucrtbase.dll
0x00007ff8987c0000 - 0x00007ff8987d7000 	C:\Program Files\Amazon Corretto\jdk17.0.10_7\bin\jli.dll
0x00007ff88d5e0000 - 0x00007ff88d5fb000 	C:\Program Files\Amazon Corretto\jdk17.0.10_7\bin\VCRUNTIME140.dll
0x00007ff89d740000 - 0x00007ff89d8ee000 	C:\WINDOWS\System32\USER32.dll
0x00007ff89beb0000 - 0x00007ff89bed6000 	C:\WINDOWS\System32\win32u.dll
0x00007ff88e9f0000 - 0x00007ff88ec83000 	C:\WINDOWS\WinSxS\amd64_microsoft.windows.common-controls_6595b64144ccf1df_6.0.22621.3235_none_270f74e173860f98\COMCTL32.dll
0x00007ff89e4b0000 - 0x00007ff89e4d9000 	C:\WINDOWS\System32\GDI32.dll
0x00007ff89bd90000 - 0x00007ff89bea9000 	C:\WINDOWS\System32\gdi32full.dll
0x00007ff89c5c0000 - 0x00007ff89c65a000 	C:\WINDOWS\System32\msvcp_win.dll
0x00007ff89e630000 - 0x00007ff89e661000 	C:\WINDOWS\System32\IMM32.DLL
0x00007ff8986b0000 - 0x00007ff8986bc000 	C:\Program Files\Amazon Corretto\jdk17.0.10_7\bin\vcruntime140_1.dll
0x00007ff88d3c0000 - 0x00007ff88d44d000 	C:\Program Files\Amazon Corretto\jdk17.0.10_7\bin\msvcp140.dll
0x00007ff828db0000 - 0x00007ff829a12000 	C:\Program Files\Amazon Corretto\jdk17.0.10_7\bin\server\jvm.dll
0x00007ff891960000 - 0x00007ff891994000 	C:\WINDOWS\SYSTEM32\WINMM.dll
0x00007ff847fa0000 - 0x00007ff847fa9000 	C:\WINDOWS\SYSTEM32\WSOCK32.dll
0x00007ff89abb0000 - 0x00007ff89abfd000 	C:\WINDOWS\SYSTEM32\POWRPROF.dll
0x00007ff894f10000 - 0x00007ff894f1a000 	C:\WINDOWS\SYSTEM32\VERSION.dll
0x00007ff89e260000 - 0x00007ff89e2d1000 	C:\WINDOWS\System32\WS2_32.dll
0x00007ff89ab90000 - 0x00007ff89aba3000 	C:\WINDOWS\SYSTEM32\UMPDC.dll
0x00007ff89ae40000 - 0x00007ff89ae58000 	C:\WINDOWS\SYSTEM32\kernel.appcore.dll
0x00007ff82d7d0000 - 0x00007ff82d7da000 	C:\Program Files\Amazon Corretto\jdk17.0.10_7\bin\jimage.dll
0x00007ff88fde0000 - 0x00007ff890013000 	C:\WINDOWS\SYSTEM32\DBGHELP.DLL
0x00007ff89d910000 - 0x00007ff89dc98000 	C:\WINDOWS\System32\combase.dll
0x00007ff89dcb0000 - 0x00007ff89dd87000 	C:\WINDOWS\System32\OLEAUT32.dll
0x00007ff884f90000 - 0x00007ff884fc2000 	C:\WINDOWS\SYSTEM32\dbgcore.DLL
0x00007ff89bd10000 - 0x00007ff89bd89000 	C:\WINDOWS\System32\bcryptPrimitives.dll
0x00007ff82d130000 - 0x00007ff82d155000 	C:\Program Files\Amazon Corretto\jdk17.0.10_7\bin\java.dll

dbghelp: loaded successfully - version: 4.0.5 - missing functions: none
symbol engine: initialized successfully - sym options: 0x614 - pdb path: .;C:\Program Files\Amazon Corretto\jdk17.0.10_7\bin;C:\WINDOWS\SYSTEM32;C:\Program Files\Norton Security\NortonData\22.23.6.5\Definitions\IPSDefs\20240425.064;C:\WINDOWS\WinSxS\amd64_microsoft.windows.common-controls_6595b64144ccf1df_6.0.22621.3235_none_270f74e173860f98;C:\Program Files\Amazon Corretto\jdk17.0.10_7\bin\server

VM Arguments:
jvm_args: -Dfile.encoding=UTF-8 -Dstdout.encoding=UTF-8 -Dstderr.encoding=UTF-8 --module-path=D:\workspace\java\tenco_swing\bin -XX:+ShowCodeDetailsInExceptionMessages -Djdk.module.main=tenco_swing 
java_command: tenco_swing/ch02.PaintFrameTest
java_class_path (initial): <not set>
Launcher Type: SUN_STANDARD

[Global flags]
     intx CICompilerCount                          = 12                                        {product} {ergonomic}
     uint ConcGCThreads                            = 4                                         {product} {ergonomic}
     uint G1ConcRefinementThreads                  = 15                                        {product} {ergonomic}
   size_t G1HeapRegionSize                         = 2097152                                   {product} {ergonomic}
    uintx GCDrainStackTargetSize                   = 64                                        {product} {ergonomic}
   size_t InitialHeapSize                          = 266338304                                 {product} {ergonomic}
   size_t MarkStackSize                            = 4194304                                   {product} {ergonomic}
   size_t MaxHeapSize                              = 4257218560                                {product} {ergonomic}
   size_t MinHeapDeltaBytes                        = 2097152                                   {product} {ergonomic}
   size_t MinHeapSize                              = 8388608                                   {product} {ergonomic}
    uintx NonNMethodCodeHeapSize                   = 7602480                                {pd product} {ergonomic}
    uintx NonProfiledCodeHeapSize                  = 122027880                              {pd product} {ergonomic}
    uintx ProfiledCodeHeapSize                     = 122027880                              {pd product} {ergonomic}
    uintx ReservedCodeCacheSize                    = 251658240                              {pd product} {ergonomic}
     bool SegmentedCodeCache                       = true                                      {product} {ergonomic}
     bool ShowCodeDetailsInExceptionMessages       = true                                   {manageable} {command line}
   size_t SoftMaxHeapSize                          = 4257218560                             {manageable} {ergonomic}
     bool UseCompressedClassPointers               = true                           {product lp64_product} {ergonomic}
     bool UseCompressedOops                        = true                           {product lp64_product} {ergonomic}
     bool UseG1GC                                  = true                                      {product} {ergonomic}
     bool UseLargePagesIndividualAllocation        = false                                  {pd product} {ergonomic}

Logging:
Log output configuration:
 #0: stdout all=warning uptime,level,tags
 #1: stderr all=off uptime,level,tags

Environment Variables:
JAVA_HOME=C:\Program Files\Amazon Corretto\jdk17.0.10_7
PATH=C:/Program Files/Amazon Corretto/jdk17.0.10_7/bin/server;C:/Program Files/Amazon Corretto/jdk17.0.10_7/bin;C:\Program Files\Amazon Corretto\jdk17.0.10_7\bin;C:\Program Files (x86)\Common Files\Intel\Shared Libraries\redist\intel64\compiler;C:\WINDOWS\system32;C:\WINDOWS;C:\WINDOWS\System32\Wbem;C:\WINDOWS\System32\WindowsPowerShell\v1.0\;C:\WINDOWS\System32\OpenSSH\;C:\Program Files (x86)\Common Files\Acronis\VirtualFile\;C:\Program Files (x86)\Common Files\Acronis\VirtualFile64\;C:\Program Files (x86)\Common Files\Acronis\SnapAPI\;C:\Program Files\Git\cmd;C:\Program Files\MySQL\MySQL Shell 8.0\bin\;C:\Users\KDP\AppData\Local\Microsoft\WindowsApps;C:\Users\KDP\AppData\Local\Programs\Microsoft VS Code\bin;;D:\tools\eclipse\eclipse;
USERNAME=KDP
OS=Windows_NT
PROCESSOR_IDENTIFIER=Intel64 Family 6 Model 151 Stepping 2, GenuineIntel
TMP=C:\Users\KDP\AppData\Local\Temp
TEMP=C:\Users\KDP\AppData\Local\Temp



Periodic native trim disabled


---------------  S Y S T E M  ---------------

OS:
 Windows 11 , 64 bit Build 22621 (10.0.22621.3374)
OS uptime: 0 days 7:55 hours

CPU: total 20 (initial active 20) (10 cores per cpu, 2 threads per core) family 6 model 151 stepping 2 microcode 0x2d, cx8, cmov, fxsr, ht, mmx, 3dnowpref, sse, sse2, sse3, ssse3, sse4.1, sse4.2, popcnt, lzcnt, tsc, tscinvbit, avx, avx2, aes, erms, clmul, bmi1, bmi2, adx, sha, fma, vzeroupper, clflush, clflushopt, clwb
Processor Information for processor 0
  Max Mhz: 2100, Current Mhz: 2100, Mhz Limit: 2100
Processor Information for processor 1
  Max Mhz: 2100, Current Mhz: 2100, Mhz Limit: 2100
Processor Information for processor 2
  Max Mhz: 2100, Current Mhz: 2100, Mhz Limit: 2100
Processor Information for processor 3
  Max Mhz: 2100, Current Mhz: 2100, Mhz Limit: 2100
Processor Information for processor 4
  Max Mhz: 2100, Current Mhz: 2100, Mhz Limit: 2100
Processor Information for processor 5
  Max Mhz: 2100, Current Mhz: 2100, Mhz Limit: 2100
Processor Information for processor 6
  Max Mhz: 2100, Current Mhz: 2100, Mhz Limit: 2100
Processor Information for processor 7
  Max Mhz: 2100, Current Mhz: 2100, Mhz Limit: 2100
Processor Information for processor 8
  Max Mhz: 2100, Current Mhz: 2100, Mhz Limit: 2100
Processor Information for processor 9
  Max Mhz: 2100, Current Mhz: 2100, Mhz Limit: 2100
Processor Information for processor 10
  Max Mhz: 2100, Current Mhz: 2100, Mhz Limit: 2100
Processor Information for processor 11
  Max Mhz: 2100, Current Mhz: 2100, Mhz Limit: 2100
Processor Information for processor 12
  Max Mhz: 2100, Current Mhz: 2100, Mhz Limit: 2100
Processor Information for processor 13
  Max Mhz: 2100, Current Mhz: 2100, Mhz Limit: 2100
Processor Information for processor 14
  Max Mhz: 2100, Current Mhz: 2100, Mhz Limit: 2100
Processor Information for processor 15
  Max Mhz: 2100, Current Mhz: 2100, Mhz Limit: 2100
Processor Information for processor 16
  Max Mhz: 2100, Current Mhz: 1600, Mhz Limit: 1596
Processor Information for processor 17
  Max Mhz: 2100, Current Mhz: 1600, Mhz Limit: 1596
Processor Information for processor 18
  Max Mhz: 2100, Current Mhz: 1600, Mhz Limit: 1596
Processor Information for processor 19
  Max Mhz: 2100, Current Mhz: 1600, Mhz Limit: 1596

Memory: 4k page, system-wide physical 16234M (4013M free)
TotalPageFile size 65379M (AvailPageFile size 57M)
current process WorkingSet (physical memory assigned to process): 12M, peak: 12M
current process commit charge ("private bytes"): 75M, peak: 329M

vm_info: OpenJDK 64-Bit Server VM (17.0.10+7-LTS) for windows-amd64 JRE (17.0.10+7-LTS), built on Jan 10 2024 22:11:07 by "Administrator" with MS VC++ 16.10 / 16.11 (VS2019)

END.
